2025-03-06 09:15:27.368 [info] Extension host with pid 3223 started
2025-03-06 09:15:27.368 [info] Skipping acquiring lock for /home/anii/.config/Code - OSS/User/workspaceStorage/43dde63dcd883e783a9c81024f82899c.
2025-03-06 09:15:27.496 [info] ExtensionService#_doActivateExtension vscode.git-base, startup: true, activationEvent: '*', root cause: vscode.git
2025-03-06 09:15:27.557 [info] ExtensionService#_doActivateExtension vscode.git, startup: true, activationEvent: '*'
2025-03-06 09:15:27.644 [info] ExtensionService#_doActivateExtension vscode.github, startup: true, activationEvent: '*'
2025-03-06 09:15:27.740 [info] Eager extensions activated
2025-03-06 09:15:27.768 [info] ExtensionService#_doActivateExtension vscode.debug-auto-launch, startup: false, activationEvent: 'onStartupFinished'
2025-03-06 09:15:27.771 [info] ExtensionService#_doActivateExtension vscode.merge-conflict, startup: false, activationEvent: 'onStartupFinished'
2025-03-06 09:15:27.796 [info] ExtensionService#_doActivateExtension formulahendry.code-runner, startup: false, activationEvent: 'onStartupFinished'
2025-03-06 09:15:33.992 [info] ExtensionService#_doActivateExtension ms-python.debugpy, startup: false, activationEvent: 'onLanguage:python'
2025-03-06 09:15:34.054 [info] ExtensionService#_doActivateExtension ms-python.python, startup: false, activationEvent: 'onLanguage:python'
2025-03-06 09:15:34.243 [info] ExtensionService#_doActivateExtension vscode.emmet, startup: false, activationEvent: 'onLanguage'
2025-03-06 09:15:35.381 [error] Error: Extension 'ms-python.python' CANNOT use API proposal: testObserver.
Its package.json#enabledApiProposals-property declares:  but NOT testObserver.
 The missing proposal MUST be added and you must start in extension development mode or use the following command line switch: --enable-proposed-api ms-python.python
	at k (/usr/lib/code-oss/resources/app/out/vs/workbench/api/node/extensionHostProcess.js:105:70089)
	at get testResults [as testResults] (/usr/lib/code-oss/resources/app/out/vs/workbench/api/node/extensionHostProcess.js:122:23648)
	at T.activate (/home/anii/.vscode-oss/extensions/ms-python.python-2024.2.1-universal/out/client/extension.js:2:776051)
	at /home/anii/.vscode-oss/extensions/ms-python.python-2024.2.1-universal/out/client/extension.js:2:2460
	at Array.map (<anonymous>)
	at g.activateWorkspace (/home/anii/.vscode-oss/extensions/ms-python.python-2024.2.1-universal/out/client/extension.js:2:2450)
2025-03-06 09:15:46.492 [info] Extension host terminating: renderer closed the MessagePort
2025-03-06 09:15:46.503 [info] Extension host with pid 3223 exiting with code 0
