2025-03-05 20:25:46.135 [info] Extension host with pid 3575 started
2025-03-05 20:25:46.135 [info] Skipping acquiring lock for /home/anii/.config/Code - OSS/User/workspaceStorage/43dde63dcd883e783a9c81024f82899c.
2025-03-05 20:25:46.179 [info] ExtensionService#_doActivateExtension vscode.emmet, startup: false, activationEvent: 'onLanguage'
2025-03-05 20:25:46.224 [info] ExtensionService#_doActivateExtension vscode.git-base, startup: true, activationEvent: '*', root cause: vscode.git
2025-03-05 20:25:46.236 [info] ExtensionService#_doActivateExtension vscode.git, startup: true, activationEvent: '*'
2025-03-05 20:25:46.323 [info] ExtensionService#_doActivateExtension vscode.github, startup: true, activationEvent: '*'
2025-03-05 20:25:46.415 [info] Eager extensions activated
2025-03-05 20:25:46.511 [info] ExtensionService#_doActivateExtension vscode.debug-auto-launch, startup: false, activationEvent: 'onStartupFinished'
2025-03-05 20:25:46.514 [info] ExtensionService#_doActivateExtension vscode.merge-conflict, startup: false, activationEvent: 'onStartupFinished'
2025-03-05 20:25:46.541 [info] ExtensionService#_doActivateExtension formulahendry.code-runner, startup: false, activationEvent: 'onStartupFinished'
2025-03-05 20:26:04.728 [info] ExtensionService#_doActivateExtension vscode.json-language-features, startup: false, activationEvent: 'onLanguage:jsonc'
2025-03-05 20:26:04.803 [info] ExtensionService#_doActivateExtension vscode.typescript-language-features, startup: false, activationEvent: 'onLanguage:jsonc'
2025-03-05 20:26:09.820 [info] ExtensionService#_doActivateExtension vscode.npm, startup: false, activationEvent: 'onTerminalQuickFixRequest:ms-vscode.npm-command'
2025-03-05 20:30:01.134 [info] ExtensionService#_doActivateExtension ms-python.debugpy, startup: false, activationEvent: 'onLanguage:python'
2025-03-05 20:30:01.177 [info] ExtensionService#_doActivateExtension ms-python.python, startup: false, activationEvent: 'onLanguage:python'
2025-03-05 20:30:02.561 [error] Error: Extension 'ms-python.python' CANNOT use API proposal: testObserver.
Its package.json#enabledApiProposals-property declares:  but NOT testObserver.
 The missing proposal MUST be added and you must start in extension development mode or use the following command line switch: --enable-proposed-api ms-python.python
	at k (/usr/lib/code-oss/resources/app/out/vs/workbench/api/node/extensionHostProcess.js:105:70089)
	at get testResults [as testResults] (/usr/lib/code-oss/resources/app/out/vs/workbench/api/node/extensionHostProcess.js:122:23648)
	at T.activate (/home/anii/.vscode-oss/extensions/ms-python.python-2024.2.1-universal/out/client/extension.js:2:776051)
	at /home/anii/.vscode-oss/extensions/ms-python.python-2024.2.1-universal/out/client/extension.js:2:2460
	at Array.map (<anonymous>)
	at g.activateWorkspace (/home/anii/.vscode-oss/extensions/ms-python.python-2024.2.1-universal/out/client/extension.js:2:2450)
2025-03-05 20:30:59.855 [info] Extension host terminating: renderer closed the MessagePort
2025-03-05 20:30:59.878 [info] Extension host with pid 3575 exiting with code 0
