2025-02-09 17:43:01.766 [info] Extension host with pid 21813 started
2025-02-09 17:43:01.800 [info] ExtensionService#_doActivateExtension vscode.git-base, startup: true, activationEvent: '*', root cause: vscode.git
2025-02-09 17:43:01.842 [info] ExtensionService#_doActivateExtension vscode.git, startup: true, activationEvent: '*'
2025-02-09 17:43:01.922 [info] ExtensionService#_doActivateExtension vscode.github, startup: true, activationEvent: '*'
2025-02-09 17:43:02.000 [info] Eager extensions activated
2025-02-09 17:43:02.025 [info] ExtensionService#_doActivateExtension vscode.debug-auto-launch, startup: false, activationEvent: 'onStartupFinished'
2025-02-09 17:43:02.029 [info] ExtensionService#_doActivateExtension vscode.merge-conflict, startup: false, activationEvent: 'onStartupFinished'
2025-02-09 17:43:15.634 [info] ExtensionService#_doActivateExtension vscode.emmet, startup: false, activationEvent: 'onLanguage'
2025-02-09 17:43:49.287 [info] Extension host terminating: renderer closed the MessagePort
2025-02-09 17:43:49.292 [info] Extension host with pid 21813 exiting with code 0
2025-02-09 17:43:50.340 [info] Extension host with pid 21952 started
2025-02-09 17:43:50.340 [info] Skipping acquiring lock for /home/anii/.config/Code - OSS/User/workspaceStorage/43dde63dcd883e783a9c81024f82899c.
2025-02-09 17:43:50.382 [info] ExtensionService#_doActivateExtension vscode.git-base, startup: true, activationEvent: '*'
2025-02-09 17:43:50.395 [info] ExtensionService#_doActivateExtension vscode.github, startup: true, activationEvent: '*'
2025-02-09 17:43:50.442 [info] Eager extensions activated
2025-02-09 17:43:50.481 [info] ExtensionService#_doActivateExtension vscode.debug-auto-launch, startup: false, activationEvent: 'onStartupFinished'
2025-02-09 17:43:50.485 [info] ExtensionService#_doActivateExtension vscode.merge-conflict, startup: false, activationEvent: 'onStartupFinished'
2025-02-09 17:43:53.463 [info] ExtensionService#_doActivateExtension vscode.git, startup: false, activationEvent: 'api', root cause: vscode.github
2025-02-09 17:44:01.161 [info] ExtensionService#_doActivateExtension vscode.emmet, startup: false, activationEvent: 'onLanguage'
2025-02-09 17:44:18.046 [info] Extension host terminating: renderer closed the MessagePort
2025-02-09 17:44:18.050 [info] Extension host with pid 21952 exiting with code 0
